#
# There is insufficient memory for the Java Runtime Environment to continue.
# Native memory allocation (malloc) failed to allocate 1048576 bytes for AllocateHeap
# Possible reasons:
#   The system is out of physical RAM or swap space
#   The process is running with CompressedOops enabled, and the Java Heap may be blocking the growth of the native heap
# Possible solutions:
#   Reduce memory load on the system
#   Increase physical memory or swap space
#   Check if swap backing store is full
#   Decrease Java heap size (-Xmx/-Xms)
#   Decrease number of Java threads
#   Decrease Java thread stack sizes (-Xss)
#   Set larger code cache with -XX:ReservedCodeCacheSize=
#   JVM is running with Unscaled Compressed Oops mode in which the Java heap is
#     placed in the first 4GB address space. The Java Heap base address is the
#     maximum limit for the native heap growth. Please use -XX:HeapBaseMinAddress
#     to set the Java Heap base and to place the Java Heap above 4GB virtual address.
# This output file may be truncated or incomplete.
#
#  Out of Memory Error (allocation.cpp:44), pid=28712, tid=13340
#
# JRE version:  (17.0.10+11) (build )
# Java VM: Java HotSpot(TM) 64-Bit Server VM (17.0.10+11-LTS-240, mixed mode, sharing, tiered, compressed oops, compressed class ptrs, g1 gc, windows-amd64)
# No core dump will be written. Minidumps are not enabled by default on client versions of Windows
#

---------------  S U M M A R Y ------------

Command Line: -Dclassworlds.conf=D:\application\ProgramingTools\Library\apache-maven\apache-maven-3.9.9-bin\apache-maven-3.9.9\bin\m2.conf -Dmaven.home=D:\application\ProgramingTools\Library\apache-maven\apache-maven-3.9.9-bin\apache-maven-3.9.9 -Dlibrary.jansi.path=D:\application\ProgramingTools\Library\apache-maven\apache-maven-3.9.9-bin\apache-maven-3.9.9\lib\jansi-native -Dmaven.multiModuleProjectDirectory=D:\workspace\DoAn\Java\TruongHoc org.codehaus.plexus.classworlds.launcher.Launcher sonar:sonar -Dsonar.host.url=http://localhost:9000 -Dsonar.login=sqp_123456789

Host: 12th Gen Intel(R) Core(TM) i7-12700H, 20 cores, 23G,  Windows 11 , 64 bit Build 26100 (10.0.26100.3323)
Time: Tue Apr 15 08:05:36 2025 SE Asia Standard Time elapsed time: 1.096278 seconds (0d 0h 0m 1s)

---------------  T H R E A D  ---------------

Current thread (0x000002cb43af5da0):  JavaThread "Unknown thread" [_thread_in_vm, id=13340, stack(0x000000e8eb300000,0x000000e8eb400000)]

Stack: [0x000000e8eb300000,0x000000e8eb400000]
Native frames: (J=compiled Java code, j=interpreted, Vv=VM code, C=native code)
V  [jvm.dll+0x677a5a]
V  [jvm.dll+0x7d8b2d]
V  [jvm.dll+0x7da48e]
V  [jvm.dll+0x7daaf3]
V  [jvm.dll+0x2455ff]
V  [jvm.dll+0xa5173]
V  [jvm.dll+0x2d5bd7]
V  [jvm.dll+0x7aa51c]
V  [jvm.dll+0x367911]
V  [jvm.dll+0x789639]
V  [jvm.dll+0x3eb30f]
V  [jvm.dll+0x3ecd91]
C  [jli.dll+0x5297]
C  [ucrtbase.dll+0x37b0]
C  [KERNEL32.DLL+0x2e8d7]
C  [ntdll.dll+0xbbf6c]


---------------  P R O C E S S  ---------------

Threads class SMR info:
_java_thread_list=0x00007ffc638f6a18, length=0, elements={
}

Java Threads: ( => current thread )

Other Threads:

=>0x000002cb43af5da0 (exited) JavaThread "Unknown thread" [_thread_in_vm, id=13340, stack(0x000000e8eb300000,0x000000e8eb400000)]

Threads with active compile tasks:

VM state: not at safepoint (not fully initialized)

VM Mutex/Monitor currently owned by a thread: None

Heap address: 0x0000000000000000, size: 0 MB, Compressed Oops mode: 32-bit

CDS archive(s) mapped at: [0x0000000000000000-0x0000000000000000-0x0000000000000000), size 0, SharedBaseAddress: 0x0000000800000000, ArchiveRelocationMode: 1.
Narrow klass base: 0x0000000000000000, Narrow klass shift: 0, Narrow klass range: 0x0

GC Precious Log:
<Empty>

GC Heap History (0 events):
No events

Deoptimization events (0 events):
No events

Classes unloaded (0 events):
No events

Classes redefined (0 events):
No events

Internal exceptions (0 events):
No events

VM Operations (0 events):
No events

Events (1 events):
Event: 0.066 Loaded shared library D:\application\ProgramingTools\Library\Jdk\SetUp\jdk-17.0.10\bin\java.dll


Dynamic libraries:
0x00007ff7c7650000 - 0x00007ff7c7660000 	D:\application\ProgramingTools\Library\Jdk\SetUp\jdk-17.0.10\bin\java.exe
0x00007ffcc5a80000 - 0x00007ffcc5ce3000 	C:\WINDOWS\SYSTEM32\ntdll.dll
0x00007ffcc4b90000 - 0x00007ffcc4c57000 	C:\WINDOWS\System32\KERNEL32.DLL
0x00007ffcc34d0000 - 0x00007ffcc3899000 	C:\WINDOWS\System32\KERNELBASE.dll
0x00007ffcc3000000 - 0x00007ffcc314c000 	C:\WINDOWS\System32\ucrtbase.dll
0x00007ffcaed50000 - 0x00007ffcaed6b000 	D:\application\ProgramingTools\Library\Jdk\SetUp\jdk-17.0.10\bin\VCRUNTIME140.dll
0x00007ffcaed30000 - 0x00007ffcaed49000 	D:\application\ProgramingTools\Library\Jdk\SetUp\jdk-17.0.10\bin\jli.dll
0x00007ffcc4c60000 - 0x00007ffcc4d12000 	C:\WINDOWS\System32\ADVAPI32.dll
0x00007ffcc57d0000 - 0x00007ffcc5879000 	C:\WINDOWS\System32\msvcrt.dll
0x00007ffcc3b90000 - 0x00007ffcc3c36000 	C:\WINDOWS\System32\sechost.dll
0x00007ffcc5880000 - 0x00007ffcc5996000 	C:\WINDOWS\System32\RPCRT4.dll
0x00007ffcc3c50000 - 0x00007ffcc3e1a000 	C:\WINDOWS\System32\USER32.dll
0x00007ffcc2c80000 - 0x00007ffcc2ca7000 	C:\WINDOWS\System32\win32u.dll
0x00007ffcc5290000 - 0x00007ffcc52ba000 	C:\WINDOWS\System32\GDI32.dll
0x00007ffcc3150000 - 0x00007ffcc3281000 	C:\WINDOWS\System32\gdi32full.dll
0x00007ffca65a0000 - 0x00007ffca6830000 	C:\WINDOWS\WinSxS\amd64_microsoft.windows.common-controls_6595b64144ccf1df_6.0.26100.3323_none_3e088096e3344490\COMCTL32.dll
0x00007ffcc2d50000 - 0x00007ffcc2df3000 	C:\WINDOWS\System32\msvcp_win.dll
0x00007ffcb8630000 - 0x00007ffcb863b000 	C:\WINDOWS\SYSTEM32\VERSION.dll
0x00007ffcc4970000 - 0x00007ffcc499f000 	C:\WINDOWS\System32\IMM32.DLL
0x00007ffcbb940000 - 0x00007ffcbb94c000 	D:\application\ProgramingTools\Library\Jdk\SetUp\jdk-17.0.10\bin\vcruntime140_1.dll
0x00007ffcabb30000 - 0x00007ffcabbbe000 	D:\application\ProgramingTools\Library\Jdk\SetUp\jdk-17.0.10\bin\msvcp140.dll
0x00007ffc62e40000 - 0x00007ffc63a1f000 	D:\application\ProgramingTools\Library\Jdk\SetUp\jdk-17.0.10\bin\server\jvm.dll
0x00007ffcc3c40000 - 0x00007ffcc3c48000 	C:\WINDOWS\System32\PSAPI.DLL
0x00007ffca7200000 - 0x00007ffca720a000 	C:\WINDOWS\SYSTEM32\WSOCK32.dll
0x00007ffcb8670000 - 0x00007ffcb86a6000 	C:\WINDOWS\SYSTEM32\WINMM.dll
0x00007ffcc5210000 - 0x00007ffcc5284000 	C:\WINDOWS\System32\WS2_32.dll
0x00007ffcc1bb0000 - 0x00007ffcc1bca000 	C:\WINDOWS\SYSTEM32\kernel.appcore.dll
0x00007ffcb92c0000 - 0x00007ffcb92ca000 	D:\application\ProgramingTools\Library\Jdk\SetUp\jdk-17.0.10\bin\jimage.dll
0x00007ffcbfea0000 - 0x00007ffcc00e1000 	C:\WINDOWS\SYSTEM32\DBGHELP.DLL
0x00007ffcc4d20000 - 0x00007ffcc50a2000 	C:\WINDOWS\System32\combase.dll
0x00007ffcc4860000 - 0x00007ffcc4936000 	C:\WINDOWS\System32\OLEAUT32.dll
0x00007ffc38830000 - 0x00007ffc38869000 	C:\WINDOWS\SYSTEM32\dbgcore.DLL
0x00007ffcc2cb0000 - 0x00007ffcc2d49000 	C:\WINDOWS\System32\bcryptPrimitives.dll
0x00007ffcac0a0000 - 0x00007ffcac0c5000 	D:\application\ProgramingTools\Library\Jdk\SetUp\jdk-17.0.10\bin\java.dll

dbghelp: loaded successfully - version: 4.0.5 - missing functions: none
symbol engine: initialized successfully - sym options: 0x614 - pdb path: .;D:\application\ProgramingTools\Library\Jdk\SetUp\jdk-17.0.10\bin;C:\WINDOWS\SYSTEM32;C:\WINDOWS\WinSxS\amd64_microsoft.windows.common-controls_6595b64144ccf1df_6.0.26100.3323_none_3e088096e3344490;D:\application\ProgramingTools\Library\Jdk\SetUp\jdk-17.0.10\bin\server

VM Arguments:
jvm_args: -Dclassworlds.conf=D:\application\ProgramingTools\Library\apache-maven\apache-maven-3.9.9-bin\apache-maven-3.9.9\bin\m2.conf -Dmaven.home=D:\application\ProgramingTools\Library\apache-maven\apache-maven-3.9.9-bin\apache-maven-3.9.9 -Dlibrary.jansi.path=D:\application\ProgramingTools\Library\apache-maven\apache-maven-3.9.9-bin\apache-maven-3.9.9\lib\jansi-native -Dmaven.multiModuleProjectDirectory=D:\workspace\DoAn\Java\TruongHoc 
java_command: org.codehaus.plexus.classworlds.launcher.Launcher sonar:sonar -Dsonar.host.url=http://localhost:9000 -Dsonar.login=sqp_123456789
java_class_path (initial): D:\application\ProgramingTools\Library\apache-maven\apache-maven-3.9.9-bin\apache-maven-3.9.9\boot\plexus-classworlds-2.8.0.jar
Launcher Type: SUN_STANDARD

[Global flags]
     intx CICompilerCount                          = 12                                        {product} {ergonomic}
     uint ConcGCThreads                            = 4                                         {product} {ergonomic}
     uint G1ConcRefinementThreads                  = 15                                        {product} {ergonomic}
   size_t G1HeapRegionSize                         = 4194304                                   {product} {ergonomic}
    uintx GCDrainStackTargetSize                   = 64                                        {product} {ergonomic}
   size_t InitialHeapSize                          = 398458880                                 {product} {ergonomic}
   size_t MarkStackSize                            = 4194304                                   {product} {ergonomic}
   size_t MaxHeapSize                              = 6345981952                                {product} {ergonomic}
   size_t MinHeapDeltaBytes                        = 4194304                                   {product} {ergonomic}
   size_t MinHeapSize                              = 8388608                                   {product} {ergonomic}
    uintx NonNMethodCodeHeapSize                   = 7602480                                {pd product} {ergonomic}
    uintx NonProfiledCodeHeapSize                  = 122027880                              {pd product} {ergonomic}
    uintx ProfiledCodeHeapSize                     = 122027880                              {pd product} {ergonomic}
    uintx ReservedCodeCacheSize                    = 251658240                              {pd product} {ergonomic}
     bool SegmentedCodeCache                       = true                                      {product} {ergonomic}
   size_t SoftMaxHeapSize                          = 6345981952                             {manageable} {ergonomic}
     bool UseCompressedClassPointers               = true                           {product lp64_product} {ergonomic}
     bool UseCompressedOops                        = true                           {product lp64_product} {ergonomic}
     bool UseG1GC                                  = true                                      {product} {ergonomic}
     bool UseLargePagesIndividualAllocation        = false                                  {pd product} {ergonomic}

Logging:
Log output configuration:
 #0: stdout all=warning uptime,level,tags
 #1: stderr all=off uptime,level,tags

Environment Variables:
JAVA_HOME=D:\application\ProgramingTools\Library\Jdk\SetUp\jdk-17.0.10
PATH=D:/application/ProgramingTools/Tools/SpringBoot/sts-4.22.0.RELEASE//plugins/org.eclipse.justj.openjdk.hotspot.jre.full.win32.x86_64_23.0.1.v20241024-1700/jre/bin/server;D:/application/ProgramingTools/Tools/SpringBoot/sts-4.22.0.RELEASE//plugins/org.eclipse.justj.openjdk.hotspot.jre.full.win32.x86_64_23.0.1.v20241024-1700/jre/bin;D:\application\ProgramingTools\Database\SqlOracle\SetUp\bin;C:\Program Files\Common Files\Oracle\Java\javapath;C:\Program Files (x86)\Common Files\Oracle\Java\java8path;C:\Program Files (x86)\Common Files\Oracle\Java\javapath;C:\Windows\system32;C:\Windows;C:\Windows\System32\Wbem;C:\Windows\System32\WindowsPowerShell\v1.0\;C:\Windows\System32\OpenSSH\;C:\Program Files (x86)\NVIDIA Corporation\PhysX\Common;C:\Program Files\NVIDIA Corporation\NVIDIA NvDLISR;C:\WINDOWS\system32;C:\WINDOWS;C:\WINDOWS\System32\Wbem;C:\WINDOWS\System32\WindowsPowerShell\v1.0\;C:\WINDOWS\System32\OpenSSH\;C:\Program Files\dotnet\;D:\application\ProgramingTools\Library\Jdk\SetUp\jdk-17.0.10\bin;C:\ProgramingTool\LapTrinh\Java\Server\TomcatServer\SetUp\apache-tomcat-9.0.86\bin;C:\Program Files\Git\cmd;C:\ProgramData\chocolatey\bin;C:\Program Files (x86)\Microsoft SQL Server\160\Tools\Binn\;C:\Program Files\Microsoft SQL Server\160\Tools\Binn\;C:\Program Files\Microsoft SQL Server\Client SDK\ODBC\170\Tools\Binn\;C:\Program Files\Microsoft SQL Server\160\DTS\Binn\;C:\Program Files (x86)\Microsoft SQL Server\160\DTS\Binn\;D:\application\ProgramingTools\Tools\NodeJs\;C:\Program Files\Docker\Docker\resources\bin;C:\tools\winfetch;D:\application\ProgramingTools\Tools\Redis\Redis-x64-3.0.504;D:\application\ProgramingTools\Library\apache-maven\apache-maven-3.9.9-bin\apache-maven-3.9.9\bin;D:\application\ProgramingTools\Tools\Heroku\setUp\heroku\bin;C:\Users\phamm\AppData\Local\Microsoft\WindowsApps;C:\Users\phamm\AppData\Local\GitHubDesktop\bin;C:\Users\phamm\.dotnet\tools;C:\Users\phamm\AppData\Local\Programs\Microsoft VS Code\bin;C:\Users\phamm\AppData\Roaming\npm;C:\Us
USERNAME=phamm
OS=Windows_NT
PROCESSOR_IDENTIFIER=Intel64 Family 6 Model 154 Stepping 3, GenuineIntel



---------------  S Y S T E M  ---------------

OS:
 Windows 11 , 64 bit Build 26100 (10.0.26100.3323)
OS uptime: 7 days 10:32 hours
Hyper-V role detected

CPU: total 20 (initial active 20) (10 cores per cpu, 2 threads per core) family 6 model 154 stepping 3 microcode 0x429, cx8, cmov, fxsr, ht, mmx, 3dnowpref, sse, sse2, sse3, ssse3, sse4.1, sse4.2, popcnt, lzcnt, tsc, tscinvbit, avx, avx2, aes, erms, clmul, bmi1, bmi2, adx, sha, fma, vzeroupper, clflush, clflushopt, clwb, hv

Memory: 4k page, system-wide physical 24195M (5236M free)
TotalPageFile size 64007M (AvailPageFile size 2M)
current process WorkingSet (physical memory assigned to process): 11M, peak: 11M
current process commit charge ("private bytes"): 24M, peak: 25M

vm_info: Java HotSpot(TM) 64-Bit Server VM (17.0.10+11-LTS-240) for windows-amd64 JRE (17.0.10+11-LTS-240), built on Dec 19 2023 21:47:25 by "mach5one" with MS VC++ 17.1 (VS2022)

END.
