#
# There is insufficient memory for the Java Runtime Environment to continue.
# Native memory allocation (malloc) failed to allocate 1048576 bytes for AllocateHeap
# Possible reasons:
#   The system is out of physical RAM or swap space
#   The process is running with CompressedOops enabled, and the Java Heap may be blocking the growth of the native heap
# Possible solutions:
#   Reduce memory load on the system
#   Increase physical memory or swap space
#   Check if swap backing store is full
#   Decrease Java heap size (-Xmx/-Xms)
#   Decrease number of Java threads
#   Decrease Java thread stack sizes (-Xss)
#   Set larger code cache with -XX:ReservedCodeCacheSize=
#   JVM is running with Zero Based Compressed Oops mode in which the Java heap is
#     placed in the first 32GB address space. The Java Heap base address is the
#     maximum limit for the native heap growth. Please use -XX:HeapBaseMinAddress
#     to set the Java Heap base and to place the Java Heap above 32GB virtual address.
# This output file may be truncated or incomplete.
#
#  Out of Memory Error (allocation.cpp:44), pid=27308, tid=20208
#
# JRE version: Java(TM) SE Runtime Environment (17.0.10+11) (build 17.0.10+11-LTS-240)
# Java VM: Java HotSpot(TM) 64-Bit Server VM (17.0.10+11-LTS-240, mixed mode, emulated-client, sharing, tiered, compressed oops, compressed class ptrs, g1 gc, windows-amd64)
# No core dump will be written. Minidumps are not enabled by default on client versions of Windows
#

---------------  S U M M A R Y ------------

Command Line: -Dcom.sun.management.jmxremote -Dcom.sun.management.jmxremote.port=57761 -Dcom.sun.management.jmxremote.authenticate=false -Dcom.sun.management.jmxremote.ssl=false -Djava.rmi.server.hostname=localhost -Dspring.jmx.enabled=true -Dmanagement.endpoints.jmx.exposure.include=* -Dspring.application.admin.enabled=true -XX:TieredStopAtLevel=1 -Dspring.boot.project.name=Back-End -Dfile.encoding=UTF-8 -Dstdout.encoding=UTF-8 -Dstderr.encoding=UTF-8 -XX:+ShowCodeDetailsInExceptionMessages com.studentApp.StudentApplication --spring.output.ansi.enabled=always

Host: 12th Gen Intel(R) Core(TM) i7-12700H, 20 cores, 23G,  Windows 11 , 64 bit Build 26100 (10.0.26100.3775)
Time: Tue May  6 06:45:49 2025 SE Asia Standard Time elapsed time: 365.104113 seconds (0d 0h 6m 5s)

---------------  T H R E A D  ---------------

Current thread (0x00000209ad9afd40):  VMThread "VM Thread" [stack: 0x0000005316800000,0x0000005316900000] [id=20208]

Stack: [0x0000005316800000,0x0000005316900000]
Native frames: (J=compiled Java code, j=interpreted, Vv=VM code, C=native code)
V  [jvm.dll+0x677a5a]
V  [jvm.dll+0x7d8b2d]
V  [jvm.dll+0x7da48e]
V  [jvm.dll+0x7daaf3]
V  [jvm.dll+0x2455ff]
V  [jvm.dll+0xa5173]
V  [jvm.dll+0x2f4183]
V  [jvm.dll+0x2f00e0]
V  [jvm.dll+0x2d86b7]
V  [jvm.dll+0x31b227]
V  [jvm.dll+0x7df30b]
V  [jvm.dll+0x7e0044]
V  [jvm.dll+0x7e055d]
V  [jvm.dll+0x7e0934]
V  [jvm.dll+0x7e0a00]
V  [jvm.dll+0x78888a]
V  [jvm.dll+0x676935]
C  [ucrtbase.dll+0x37b0]
C  [KERNEL32.DLL+0x2e8d7]
C  [ntdll.dll+0xb14fc]

VM_Operation (0x00000053172fde90): G1CollectFull, mode: safepoint, requested by thread 0x00000209f6752870


---------------  P R O C E S S  ---------------

Threads class SMR info:
_java_thread_list=0x00000209f65c2b70, length=22, elements={
0x00000209ad9b4600, 0x00000209ad9b50d0, 0x00000209ad9c66a0, 0x00000209ad9c7070,
0x00000209ad9c7940, 0x00000209ad9c9220, 0x00000209ad9cc110, 0x00000209ad9cecc0,
0x00000209adac4280, 0x00000209adb291c0, 0x00000209f3483cd0, 0x00000209f346ec40,
0x00000209f3472300, 0x00000209f3c62de0, 0x00000209f6752360, 0x00000209f674fff0,
0x00000209f6753cb0, 0x00000209f6752870, 0x00000209f5c41730, 0x00000209f6703870,
0x00000209f5303020, 0x00000209f6751940
}

Java Threads: ( => current thread )
  0x00000209ad9b4600 JavaThread "Reference Handler" daemon [_thread_blocked, id=6016, stack(0x0000005316900000,0x0000005316a00000)]
  0x00000209ad9b50d0 JavaThread "Finalizer" daemon [_thread_blocked, id=16780, stack(0x0000005316a00000,0x0000005316b00000)]
  0x00000209ad9c66a0 JavaThread "Signal Dispatcher" daemon [_thread_blocked, id=12808, stack(0x0000005316b00000,0x0000005316c00000)]
  0x00000209ad9c7070 JavaThread "Attach Listener" daemon [_thread_blocked, id=21316, stack(0x0000005316c00000,0x0000005316d00000)]
  0x00000209ad9c7940 JavaThread "Service Thread" daemon [_thread_blocked, id=33980, stack(0x0000005316d00000,0x0000005316e00000)]
  0x00000209ad9c9220 JavaThread "Monitor Deflation Thread" daemon [_thread_blocked, id=26144, stack(0x0000005316e00000,0x0000005316f00000)]
  0x00000209ad9cc110 JavaThread "C1 CompilerThread0" daemon [_thread_blocked, id=24612, stack(0x0000005316f00000,0x0000005317000000)]
  0x00000209ad9cecc0 JavaThread "Sweeper thread" daemon [_thread_blocked, id=4716, stack(0x0000005317000000,0x0000005317100000)]
  0x00000209adac4280 JavaThread "Common-Cleaner" daemon [_thread_blocked, id=18068, stack(0x0000005317100000,0x0000005317200000)]
  0x00000209adb291c0 JavaThread "Notification Thread" daemon [_thread_blocked, id=17256, stack(0x0000005317500000,0x0000005317600000)]
  0x00000209f3483cd0 JavaThread "RMI TCP Accept-0" daemon [_thread_in_native, id=14848, stack(0x0000005317600000,0x0000005317700000)]
  0x00000209f346ec40 JavaThread "RMI TCP Accept-57761" daemon [_thread_in_native, id=13772, stack(0x0000005317700000,0x0000005317800000)]
  0x00000209f3472300 JavaThread "RMI TCP Accept-0" daemon [_thread_in_native, id=32072, stack(0x0000005317800000,0x0000005317900000)]
  0x00000209f3c62de0 JavaThread "RMI Scheduler(0)" daemon [_thread_blocked, id=27484, stack(0x0000005318500000,0x0000005318600000)]
  0x00000209f6752360 JavaThread "Live Reload Server" daemon [_thread_in_native, id=9144, stack(0x0000005319e00000,0x0000005319f00000)]
  0x00000209f674fff0 JavaThread "DestroyJavaVM" [_thread_blocked, id=23608, stack(0x0000005316200000,0x0000005316300000)]
  0x00000209f6753cb0 JavaThread "Thread-5" [_thread_blocked, id=26404, stack(0x0000005316100000,0x0000005316200000)]
  0x00000209f6752870 JavaThread "restartedMain" [_thread_blocked, id=16088, stack(0x0000005317200000,0x0000005317300000)]
  0x00000209f5c41730 JavaThread "C1 CompilerThread1" daemon [_thread_blocked, id=25028, stack(0x0000005317300000,0x0000005317400000)]
  0x00000209f6703870 JavaThread "C1 CompilerThread2" daemon [_thread_blocked, id=2644, stack(0x0000005317400000,0x0000005317500000)]
  0x00000209f5303020 JavaThread "C1 CompilerThread3" daemon [_thread_blocked, id=27804, stack(0x0000005318200000,0x0000005318300000)]
  0x00000209f6751940 JavaThread "Catalina-utility-2" [_thread_blocked, id=1860, stack(0x0000005318400000,0x0000005318500000)]

Other Threads:
=>0x00000209ad9afd40 VMThread "VM Thread" [stack: 0x0000005316800000,0x0000005316900000] [id=20208]
  0x00000209acc23780 WatcherThread [stack: 0x0000005317900000,0x0000005317a00000] [id=18104]
  0x0000020991576ba0 GCTaskThread "GC Thread#0" [stack: 0x0000005316300000,0x0000005316400000] [id=26824]
  0x00000209f35a15c0 GCTaskThread "GC Thread#1" [stack: 0x0000005317a00000,0x0000005317b00000] [id=22024]
  0x00000209f35a1880 GCTaskThread "GC Thread#2" [stack: 0x0000005317b00000,0x0000005317c00000] [id=11872]
  0x00000209f35a1b40 GCTaskThread "GC Thread#3" [stack: 0x0000005317c00000,0x0000005317d00000] [id=20444]
  0x00000209f35d4020 GCTaskThread "GC Thread#4" [stack: 0x0000005317d00000,0x0000005317e00000] [id=20640]
  0x00000209f35d42e0 GCTaskThread "GC Thread#5" [stack: 0x0000005317e00000,0x0000005317f00000] [id=23924]
  0x00000209f35d45a0 GCTaskThread "GC Thread#6" [stack: 0x0000005317f00000,0x0000005318000000] [id=8844]
  0x00000209f35d4860 GCTaskThread "GC Thread#7" [stack: 0x0000005318000000,0x0000005318100000] [id=12916]
  0x00000209f3694bb0 GCTaskThread "GC Thread#8" [stack: 0x0000005318100000,0x0000005318200000] [id=24436]
  0x00000209f410a010 GCTaskThread "GC Thread#9" [stack: 0x0000005318a00000,0x0000005318b00000] [id=25360]
  0x00000209f410c2e0 GCTaskThread "GC Thread#10" [stack: 0x0000005318b00000,0x0000005318c00000] [id=17204]
  0x00000209f410c5a0 GCTaskThread "GC Thread#11" [stack: 0x0000005318c00000,0x0000005318d00000] [id=36332]
  0x00000209f410c860 GCTaskThread "GC Thread#12" [stack: 0x0000005318d00000,0x0000005318e00000] [id=23268]
  0x00000209f410cb20 GCTaskThread "GC Thread#13" [stack: 0x0000005318e00000,0x0000005318f00000] [id=14716]
  0x00000209f437b5f0 GCTaskThread "GC Thread#14" [stack: 0x0000005319000000,0x0000005319100000] [id=7964]
  0x0000020991583710 ConcurrentGCThread "G1 Main Marker" [stack: 0x0000005316400000,0x0000005316500000] [id=21444]
  0x0000020991584030 ConcurrentGCThread "G1 Conc#0" [stack: 0x0000005316500000,0x0000005316600000] [id=22700]
  0x00000209f4100e50 ConcurrentGCThread "G1 Conc#1" [stack: 0x0000005319100000,0x0000005319200000] [id=36600]
  0x00000209f4101690 ConcurrentGCThread "G1 Conc#2" [stack: 0x0000005319200000,0x0000005319300000] [id=22792]
  0x00000209f4100b90 ConcurrentGCThread "G1 Conc#3" [stack: 0x0000005319300000,0x0000005319400000] [id=17640]
  0x00000209accbad60 ConcurrentGCThread "G1 Refine#0" [stack: 0x0000005316600000,0x0000005316700000] [id=27056]
  0x00000209accbc550 ConcurrentGCThread "G1 Service" [stack: 0x0000005316700000,0x0000005316800000] [id=19396]

Threads with active compile tasks:

VM state: at safepoint (normal execution)

VM Mutex/Monitor currently owned by a thread:  ([mutex/lock_event])
[0x00000209914e8fe0] Threads_lock - owner thread: 0x00000209ad9afd40
[0x00000209914e8c80] Heap_lock - owner thread: 0x00000209f6752870

Heap address: 0x0000000685c00000, size: 6052 MB, Compressed Oops mode: Zero based, Oop shift amount: 3

CDS archive(s) mapped at: [0x00000209ae000000-0x00000209aebd0000-0x00000209aebd0000), size 12386304, SharedBaseAddress: 0x00000209ae000000, ArchiveRelocationMode: 1.
Compressed class space mapped at: 0x00000209af000000-0x00000209ef000000, reserved size: 1073741824
Narrow klass base: 0x00000209ae000000, Narrow klass shift: 0, Narrow klass range: 0x100000000

GC Precious Log:
 CPUs: 20 total, 20 available
 Memory: 24195M
 Large Page Support: Disabled
 NUMA Support: Disabled
 Compressed Oops: Enabled (Zero based)
 Heap Region Size: 4M
 Heap Min Capacity: 8M
 Heap Initial Capacity: 380M
 Heap Max Capacity: 6052M
 Pre-touch: Disabled
 Parallel Workers: 15
 Concurrent Workers: 4
 Concurrent Refinement Workers: 15
 Periodic GC: Disabled

Heap:
 garbage-first heap   total 163840K, used 74733K [0x0000000685c00000, 0x0000000800000000)
  region size 4096K, 9 young (36864K), 2 survivors (8192K)
 Metaspace       used 105397K, committed 106304K, reserved 1179648K
  class space    used 15418K, committed 15872K, reserved 1048576K

Heap Regions: E=young(eden), S=young(survivor), O=old, HS=humongous(starts), HC=humongous(continues), CS=collection set, F=free, OA=open archive, CA=closed archive, TAMS=top-at-mark-start (previous, next)
|   0|0x0000000685c00000, 0x0000000686000000, 0x0000000686000000|100%| O|  |TAMS 0x0000000686000000, 0x0000000685c00000| Untracked 
|   1|0x0000000686000000, 0x00000006863fff98, 0x0000000686400000| 99%| O|  |TAMS 0x00000006863fff98, 0x0000000686000000| Untracked 
|   2|0x0000000686400000, 0x0000000686800000, 0x0000000686800000|100%| O|  |TAMS 0x0000000686800000, 0x0000000686400000| Untracked 
|   3|0x0000000686800000, 0x0000000686c00000, 0x0000000686c00000|100%| O|  |TAMS 0x0000000686c00000, 0x0000000686800000| Untracked 
|   4|0x0000000686c00000, 0x0000000686ffffd8, 0x0000000687000000| 99%| O|  |TAMS 0x0000000686ffffd8, 0x0000000686c00000| Untracked 
|   5|0x0000000687000000, 0x00000006873fffe0, 0x0000000687400000| 99%| O|  |TAMS 0x00000006873fffe0, 0x0000000687000000| Untracked 
|   6|0x0000000687400000, 0x0000000687800000, 0x0000000687800000|100%| O|  |TAMS 0x0000000687800000, 0x0000000687400000| Untracked 
|   7|0x0000000687800000, 0x0000000687bfffe8, 0x0000000687c00000| 99%| O|  |TAMS 0x0000000687bfffe8, 0x0000000687800000| Untracked 
|   8|0x0000000687c00000, 0x0000000687fffff8, 0x0000000688000000| 99%| O|  |TAMS 0x0000000687fffff8, 0x0000000687c00000| Untracked 
|   9|0x0000000688000000, 0x00000006883583e0, 0x0000000688400000| 83%| O|  |TAMS 0x0000000688000000, 0x0000000688000000| Untracked 
|  10|0x0000000688400000, 0x000000068846e278, 0x0000000688800000| 10%| O|  |TAMS 0x0000000688400000, 0x0000000688400000| Untracked 
|  11|0x0000000688800000, 0x0000000688935190, 0x0000000688c00000| 30%| O|  |TAMS 0x0000000688800000, 0x0000000688800000| Untracked 
|  12|0x0000000688c00000, 0x0000000688c00000, 0x0000000689000000|  0%| F|  |TAMS 0x0000000688c00000, 0x0000000688c00000| Untracked 
|  13|0x0000000689000000, 0x0000000689000000, 0x0000000689400000|  0%| F|  |TAMS 0x0000000689000000, 0x0000000689000000| Untracked 
|  14|0x0000000689400000, 0x0000000689400000, 0x0000000689800000|  0%| F|  |TAMS 0x0000000689400000, 0x0000000689400000| Untracked 
|  15|0x0000000689800000, 0x0000000689800000, 0x0000000689c00000|  0%| F|  |TAMS 0x0000000689800000, 0x0000000689800000| Untracked 
|  16|0x0000000689c00000, 0x000000068a000000, 0x000000068a000000|100%| S|CS|TAMS 0x0000000689c00000, 0x0000000689c00000| Complete 
|  17|0x000000068a000000, 0x000000068a400000, 0x000000068a400000|100%| S|CS|TAMS 0x000000068a000000, 0x000000068a000000| Complete 
|  18|0x000000068a400000, 0x000000068a400000, 0x000000068a800000|  0%| F|  |TAMS 0x000000068a400000, 0x000000068a400000| Untracked 
|  19|0x000000068a800000, 0x000000068a800000, 0x000000068ac00000|  0%| F|  |TAMS 0x000000068a800000, 0x000000068a800000| Untracked 
|  20|0x000000068ac00000, 0x000000068ac00000, 0x000000068b000000|  0%| F|  |TAMS 0x000000068ac00000, 0x000000068ac00000| Untracked 
|  21|0x000000068b000000, 0x000000068b000000, 0x000000068b400000|  0%| F|  |TAMS 0x000000068b000000, 0x000000068b000000| Untracked 
|  22|0x000000068b400000, 0x000000068b400000, 0x000000068b800000|  0%| F|  |TAMS 0x000000068b400000, 0x000000068b400000| Untracked 
|  23|0x000000068b800000, 0x000000068b800000, 0x000000068bc00000|  0%| F|  |TAMS 0x000000068b800000, 0x000000068b800000| Untracked 
|  24|0x000000068bc00000, 0x000000068bc00000, 0x000000068c000000|  0%| F|  |TAMS 0x000000068bc00000, 0x000000068bc00000| Untracked 
|  25|0x000000068c000000, 0x000000068c000000, 0x000000068c400000|  0%| F|  |TAMS 0x000000068c000000, 0x000000068c000000| Untracked 
|  26|0x000000068c400000, 0x000000068c400000, 0x000000068c800000|  0%| F|  |TAMS 0x000000068c400000, 0x000000068c400000| Untracked 
|  27|0x000000068c800000, 0x000000068c800000, 0x000000068cc00000|  0%| F|  |TAMS 0x000000068c800000, 0x000000068c800000| Untracked 
|  28|0x000000068cc00000, 0x000000068cc00000, 0x000000068d000000|  0%| F|  |TAMS 0x000000068cc00000, 0x000000068cc00000| Untracked 
|  29|0x000000068d000000, 0x000000068d000000, 0x000000068d400000|  0%| F|  |TAMS 0x000000068d000000, 0x000000068d000000| Untracked 
|  30|0x000000068d400000, 0x000000068d400000, 0x000000068d800000|  0%| F|  |TAMS 0x000000068d400000, 0x000000068d400000| Untracked 
|  31|0x000000068d800000, 0x000000068d800000, 0x000000068dc00000|  0%| F|  |TAMS 0x000000068d800000, 0x000000068d800000| Untracked 
|  32|0x000000068dc00000, 0x000000068dc00000, 0x000000068e000000|  0%| F|  |TAMS 0x000000068dc00000, 0x000000068dc00000| Untracked 
|  33|0x000000068e000000, 0x000000068e237150, 0x000000068e400000| 55%| E|  |TAMS 0x000000068e000000, 0x000000068e000000| Complete 
|  34|0x000000068e400000, 0x000000068e800000, 0x000000068e800000|100%| E|CS|TAMS 0x000000068e400000, 0x000000068e400000| Complete 
|  35|0x000000068e800000, 0x000000068ec00000, 0x000000068ec00000|100%| E|CS|TAMS 0x000000068e800000, 0x000000068e800000| Complete 
|  36|0x000000068ec00000, 0x000000068f000000, 0x000000068f000000|100%| E|CS|TAMS 0x000000068ec00000, 0x000000068ec00000| Complete 
|  37|0x000000068f000000, 0x000000068f400000, 0x000000068f400000|100%| E|CS|TAMS 0x000000068f000000, 0x000000068f000000| Complete 
|  38|0x000000068f400000, 0x000000068f800000, 0x000000068f800000|100%| E|CS|TAMS 0x000000068f400000, 0x000000068f400000| Complete 
|  39|0x000000068f800000, 0x000000068fc00000, 0x000000068fc00000|100%| E|CS|TAMS 0x000000068f800000, 0x000000068f800000| Complete 

Card table byte_map: [0x000002099d1f0000,0x000002099ddd0000] _byte_map_base: 0x0000020999dc2000

Marking Bits (Prev, Next): (CMBitMap*) 0x0000020991577110, (CMBitMap*) 0x00000209915770d0
 Prev Bits: [0x00000209a4840000, 0x00000209aa6d0000)
 Next Bits: [0x000002099e9b0000, 0x00000209a4840000)

Polling page: 0x000002098f420000

Metaspace:

Usage:
  Non-class:     87.87 MB used.
      Class:     15.06 MB used.
       Both:    102.93 MB used.

Virtual space:
  Non-class space:      128.00 MB reserved,      88.31 MB ( 69%) committed,  2 nodes.
      Class space:        1.00 GB reserved,      15.50 MB (  2%) committed,  1 nodes.
             Both:        1.12 GB reserved,     103.81 MB (  9%) committed. 

Chunk freelists:
   Non-Class:  7.06 MB
       Class:  604.00 KB
        Both:  7.65 MB

MaxMetaspaceSize: unlimited
CompressedClassSpaceSize: 1.00 GB
Initial GC threshold: 21.00 MB
Current GC threshold: 172.94 MB
CDS: on
MetaspaceReclaimPolicy: balanced
 - commit_granule_bytes: 65536.
 - commit_granule_words: 8192.
 - virtual_space_node_default_size: 8388608.
 - enlarge_chunks_in_place: 1.
 - new_chunks_are_fully_committed: 0.
 - uncommit_free_chunks: 1.
 - use_allocation_guard: 0.
 - handle_deallocations: 1.


Internal statistics:

num_allocs_failed_limit: 15.
num_arena_births: 1532.
num_arena_deaths: 504.
num_vsnodes_births: 3.
num_vsnodes_deaths: 0.
num_space_committed: 1661.
num_space_uncommitted: 0.
num_chunks_returned_to_freelist: 643.
num_chunks_taken_from_freelist: 5847.
num_chunk_merges: 221.
num_chunk_splits: 3981.
num_chunks_enlarged: 2976.
num_inconsistent_stats: 0.

CodeCache: size=49152Kb used=21754Kb max_used=22589Kb free=27397Kb
 bounds [0x0000020998d80000, 0x000002099a420000, 0x000002099bd80000]
 total_blobs=12896 nmethods=12114 adapters=705
 compilation: enabled
              stopped_count=0, restarted_count=0
 full_count=0

Compilation events (20 events):
Event: 363.832 Thread 0x00000209f5303020 nmethod 12279 0x000002099a269510 code [0x000002099a2696a0, 0x000002099a269778]
Event: 363.832 Thread 0x00000209f6703870 nmethod 12278 0x000002099a269110 code [0x000002099a2692c0, 0x000002099a269448]
Event: 363.832 Thread 0x00000209ad9cc110 nmethod 12281 0x000002099a268c90 code [0x000002099a268e40, 0x000002099a269008]
Event: 363.833 Thread 0x00000209f5c41730 nmethod 12280 0x000002099a267d10 code [0x000002099a267f60, 0x000002099a2687b8]
Event: 363.886 Thread 0x00000209ad9cc110 12282   !   1       org.apache.catalina.core.ContainerBase::findChildren (67 bytes)
Event: 363.886 Thread 0x00000209ad9cc110 nmethod 12282 0x000002099a267210 code [0x000002099a267420, 0x000002099a267938]
Event: 363.919 Thread 0x00000209f5303020 12283       1       java.util.jar.JarFile::<init> (8 bytes)
Event: 363.919 Thread 0x00000209ad9cc110 12284       1       java.util.jar.JarFile::<init> (11 bytes)
Event: 363.919 Thread 0x00000209ad9cc110 nmethod 12284 0x000002099a266f10 code [0x000002099a2670a0, 0x000002099a267188]
Event: 363.919 Thread 0x00000209f5303020 nmethod 12283 0x000002099a266c10 code [0x000002099a266da0, 0x000002099a266e88]
Event: 363.988 Thread 0x00000209ad9cc110 12285       1       org.apache.catalina.core.ContainerBase::getParent (5 bytes)
Event: 363.988 Thread 0x00000209ad9cc110 nmethod 12285 0x000002099a266910 code [0x000002099a266aa0, 0x000002099a266b78]
Event: 364.014 Thread 0x00000209f5303020 12286       1       java.time.Duration::create (23 bytes)
Event: 364.014 Thread 0x00000209f5303020 nmethod 12286 0x000002099a266590 code [0x000002099a266720, 0x000002099a266878]
Event: 364.081 Thread 0x00000209f5303020 12287   !   1       jdk.proxy2.$Proxy48::annotationType (29 bytes)
Event: 364.081 Thread 0x00000209f5303020 nmethod 12287 0x000002099a266090 code [0x000002099a266240, 0x000002099a266458]
Event: 364.087 Thread 0x00000209f5c41730 12288   !   1       jdk.proxy2.$Proxy79::annotationType (29 bytes)
Event: 364.087 Thread 0x00000209f5303020 12289   !   1       jdk.proxy2.$Proxy80::annotationType (29 bytes)
Event: 364.087 Thread 0x00000209f5c41730 nmethod 12288 0x000002099a265b90 code [0x000002099a265d40, 0x000002099a265f58]
Event: 364.087 Thread 0x00000209f5303020 nmethod 12289 0x000002099a265690 code [0x000002099a265840, 0x000002099a265a58]

GC Heap History (20 events):
Event: 46.272 GC heap before
{Heap before GC invocations=27 (full 0):
 garbage-first heap   total 172032K, used 137473K [0x0000000685c00000, 0x0000000800000000)
  region size 4096K, 20 young (81920K), 2 survivors (8192K)
 Metaspace       used 104590K, committed 105536K, reserved 1179648K
  class space    used 15344K, committed 15808K, reserved 1048576K
}
Event: 46.277 GC heap after
{Heap after GC invocations=28 (full 0):
 garbage-first heap   total 172032K, used 66960K [0x0000000685c00000, 0x0000000800000000)
  region size 4096K, 2 young (8192K), 2 survivors (8192K)
 Metaspace       used 104590K, committed 105536K, reserved 1179648K
  class space    used 15344K, committed 15808K, reserved 1048576K
}
Event: 49.114 GC heap before
{Heap before GC invocations=29 (full 0):
 garbage-first heap   total 172032K, used 136592K [0x0000000685c00000, 0x0000000800000000)
  region size 4096K, 19 young (77824K), 2 survivors (8192K)
 Metaspace       used 104591K, committed 105536K, reserved 1179648K
  class space    used 15344K, committed 15808K, reserved 1048576K
}
Event: 49.117 GC heap after
{Heap after GC invocations=30 (full 0):
 garbage-first heap   total 172032K, used 66815K [0x0000000685c00000, 0x0000000800000000)
  region size 4096K, 2 young (8192K), 2 survivors (8192K)
 Metaspace       used 104591K, committed 105536K, reserved 1179648K
  class space    used 15344K, committed 15808K, reserved 1048576K
}
Event: 59.772 GC heap before
{Heap before GC invocations=30 (full 0):
 garbage-first heap   total 172032K, used 136447K [0x0000000685c00000, 0x0000000800000000)
  region size 4096K, 19 young (77824K), 2 survivors (8192K)
 Metaspace       used 105041K, committed 105920K, reserved 1179648K
  class space    used 15412K, committed 15808K, reserved 1048576K
}
Event: 59.776 GC heap after
{Heap after GC invocations=31 (full 0):
 garbage-first heap   total 172032K, used 67059K [0x0000000685c00000, 0x0000000800000000)
  region size 4096K, 2 young (8192K), 2 survivors (8192K)
 Metaspace       used 105041K, committed 105920K, reserved 1179648K
  class space    used 15412K, committed 15808K, reserved 1048576K
}
Event: 63.122 GC heap before
{Heap before GC invocations=31 (full 0):
 garbage-first heap   total 172032K, used 140787K [0x0000000685c00000, 0x0000000800000000)
  region size 4096K, 20 young (81920K), 2 survivors (8192K)
 Metaspace       used 105042K, committed 105920K, reserved 1179648K
  class space    used 15412K, committed 15808K, reserved 1048576K
}
Event: 63.137 GC heap after
{Heap after GC invocations=32 (full 0):
 garbage-first heap   total 172032K, used 67325K [0x0000000685c00000, 0x0000000800000000)
  region size 4096K, 2 young (8192K), 2 survivors (8192K)
 Metaspace       used 105042K, committed 105920K, reserved 1179648K
  class space    used 15412K, committed 15808K, reserved 1048576K
}
Event: 77.055 GC heap before
{Heap before GC invocations=32 (full 0):
 garbage-first heap   total 172032K, used 141053K [0x0000000685c00000, 0x0000000800000000)
  region size 4096K, 20 young (81920K), 2 survivors (8192K)
 Metaspace       used 105051K, committed 105984K, reserved 1179648K
  class space    used 15415K, committed 15872K, reserved 1048576K
}
Event: 77.062 GC heap after
{Heap after GC invocations=33 (full 0):
 garbage-first heap   total 172032K, used 67373K [0x0000000685c00000, 0x0000000800000000)
  region size 4096K, 2 young (8192K), 2 survivors (8192K)
 Metaspace       used 105051K, committed 105984K, reserved 1179648K
  class space    used 15415K, committed 15872K, reserved 1048576K
}
Event: 80.764 GC heap before
{Heap before GC invocations=33 (full 0):
 garbage-first heap   total 172032K, used 141101K [0x0000000685c00000, 0x0000000800000000)
  region size 4096K, 20 young (81920K), 2 survivors (8192K)
 Metaspace       used 105051K, committed 105984K, reserved 1179648K
  class space    used 15415K, committed 15872K, reserved 1048576K
}
Event: 80.779 GC heap after
{Heap after GC invocations=34 (full 0):
 garbage-first heap   total 172032K, used 67064K [0x0000000685c00000, 0x0000000800000000)
  region size 4096K, 2 young (8192K), 2 survivors (8192K)
 Metaspace       used 105051K, committed 105984K, reserved 1179648K
  class space    used 15415K, committed 15872K, reserved 1048576K
}
Event: 309.870 GC heap before
{Heap before GC invocations=34 (full 0):
 garbage-first heap   total 172032K, used 140792K [0x0000000685c00000, 0x0000000800000000)
  region size 4096K, 20 young (81920K), 2 survivors (8192K)
 Metaspace       used 105058K, committed 105984K, reserved 1179648K
  class space    used 15415K, committed 15872K, reserved 1048576K
}
Event: 309.875 GC heap after
{Heap after GC invocations=35 (full 0):
 garbage-first heap   total 172032K, used 67234K [0x0000000685c00000, 0x0000000800000000)
  region size 4096K, 2 young (8192K), 2 survivors (8192K)
 Metaspace       used 105058K, committed 105984K, reserved 1179648K
  class space    used 15415K, committed 15872K, reserved 1048576K
}
Event: 362.686 GC heap before
{Heap before GC invocations=35 (full 0):
 garbage-first heap   total 172032K, used 87714K [0x0000000685c00000, 0x0000000800000000)
  region size 4096K, 8 young (32768K), 2 survivors (8192K)
 Metaspace       used 105311K, committed 106240K, reserved 1179648K
  class space    used 15471K, committed 15872K, reserved 1048576K
}
Event: 362.732 GC heap after
{Heap after GC invocations=36 (full 1):
 garbage-first heap   total 172032K, used 41969K [0x0000000685c00000, 0x0000000800000000)
  region size 4096K, 0 young (0K), 0 survivors (0K)
 Metaspace       used 104763K, committed 106240K, reserved 1179648K
  class space    used 15356K, committed 15872K, reserved 1048576K
}
Event: 362.734 GC heap before
{Heap before GC invocations=36 (full 1):
 garbage-first heap   total 172032K, used 41969K [0x0000000685c00000, 0x0000000800000000)
  region size 4096K, 1 young (4096K), 0 survivors (0K)
 Metaspace       used 104764K, committed 106240K, reserved 1179648K
  class space    used 15356K, committed 15872K, reserved 1048576K
}
Event: 362.762 GC heap after
{Heap after GC invocations=37 (full 2):
 garbage-first heap   total 163840K, used 41965K [0x0000000685c00000, 0x0000000800000000)
  region size 4096K, 0 young (0K), 0 survivors (0K)
 Metaspace       used 104764K, committed 106240K, reserved 1179648K
  class space    used 15356K, committed 15872K, reserved 1048576K
}
Event: 363.747 GC heap before
{Heap before GC invocations=37 (full 2):
 garbage-first heap   total 163840K, used 132077K [0x0000000685c00000, 0x0000000800000000)
  region size 4096K, 22 young (90112K), 0 survivors (0K)
 Metaspace       used 105386K, committed 106304K, reserved 1179648K
  class space    used 15417K, committed 15872K, reserved 1048576K
}
Event: 363.752 GC heap after
{Heap after GC invocations=38 (full 2):
 garbage-first heap   total 163840K, used 50157K [0x0000000685c00000, 0x0000000800000000)
  region size 4096K, 2 young (8192K), 2 survivors (8192K)
 Metaspace       used 105386K, committed 106304K, reserved 1179648K
  class space    used 15417K, committed 15872K, reserved 1048576K
}

Deoptimization events (20 events):
Event: 2.527 Thread 0x00000209f3bbae90 DEOPT PACKING pc=0x00000209997f5995 sp=0x00000053183fd5d0
Event: 2.527 Thread 0x00000209f3bbae90 DEOPT UNPACKING pc=0x0000020998dd2b43 sp=0x00000053183fcb78 mode 0
Event: 3.336 Thread 0x00000209f3c60f80 DEOPT PACKING pc=0x00000209992b739f sp=0x00000053195fec70
Event: 3.336 Thread 0x00000209f3c60f80 DEOPT UNPACKING pc=0x0000020998dd2b43 sp=0x00000053195fe0c8 mode 3
Event: 5.107 Thread 0x00000209f3bbae90 DEOPT PACKING pc=0x0000020999ce93dc sp=0x00000053183f9270
Event: 5.107 Thread 0x00000209f3bbae90 DEOPT UNPACKING pc=0x0000020998dd2b43 sp=0x00000053183f87e8 mode 0
Event: 6.491 Thread 0x00000209f3bbae90 DEOPT PACKING pc=0x00000209993b2952 sp=0x00000053183fc0a0
Event: 6.491 Thread 0x00000209f3bbae90 DEOPT UNPACKING pc=0x0000020998dd2b43 sp=0x00000053183fb5a8 mode 3
Event: 6.491 Thread 0x00000209f3bbae90 DEOPT PACKING pc=0x00000209993aa955 sp=0x00000053183fc060
Event: 6.491 Thread 0x00000209f3bbae90 DEOPT UNPACKING pc=0x0000020998dd2b43 sp=0x00000053183fb5a8 mode 3
Event: 6.934 Thread 0x00000209f3bbae90 DEOPT PACKING pc=0x0000020999fc1084 sp=0x00000053183fa060
Event: 6.934 Thread 0x00000209f3bbae90 DEOPT UNPACKING pc=0x0000020998dd2b43 sp=0x00000053183f9740 mode 0
Event: 6.944 Thread 0x00000209f3bbae90 DEOPT PACKING pc=0x0000020999fc1c6c sp=0x00000053183fbda0
Event: 6.944 Thread 0x00000209f3bbae90 DEOPT UNPACKING pc=0x0000020998dd2b43 sp=0x00000053183fb3a0 mode 0
Event: 6.997 Thread 0x00000209f3bbae90 DEOPT PACKING pc=0x0000020999fc1c6c sp=0x00000053183fd6f0
Event: 6.997 Thread 0x00000209f3bbae90 DEOPT UNPACKING pc=0x0000020998dd2b43 sp=0x00000053183fccf0 mode 0
Event: 8.752 Thread 0x00000209f6753cb0 DEOPT PACKING pc=0x000002099a0aca1c sp=0x00000053183fc6a0
Event: 8.752 Thread 0x00000209f6753cb0 DEOPT UNPACKING pc=0x0000020998dd2b43 sp=0x00000053183fbb50 mode 0
Event: 50.513 Thread 0x00000209f6756a40 DEOPT PACKING pc=0x000002099a352a48 sp=0x000000531aefe850
Event: 50.513 Thread 0x00000209f6756a40 DEOPT UNPACKING pc=0x0000020998dd2b43 sp=0x000000531aefde08 mode 3

Classes unloaded (20 events):
Event: 362.703 Thread 0x00000209ad9afd40 Unloading class 0x00000209af159000 'java/lang/invoke/LambdaForm$MH+0x00000209af159000'
Event: 362.703 Thread 0x00000209ad9afd40 Unloading class 0x00000209af158800 'jdk/internal/reflect/GeneratedSerializationConstructorAccessor7'
Event: 362.703 Thread 0x00000209ad9afd40 Unloading class 0x00000209af158400 'jdk/internal/reflect/GeneratedSerializationConstructorAccessor6'
Event: 362.703 Thread 0x00000209ad9afd40 Unloading class 0x00000209af156c00 'jdk/internal/reflect/GeneratedSerializationConstructorAccessor5'
Event: 362.703 Thread 0x00000209ad9afd40 Unloading class 0x00000209af156400 'jdk/internal/reflect/GeneratedSerializationConstructorAccessor4'
Event: 362.703 Thread 0x00000209ad9afd40 Unloading class 0x00000209af134000 'java/lang/invoke/LambdaForm$DMH+0x00000209af134000'
Event: 362.703 Thread 0x00000209ad9afd40 Unloading class 0x00000209af0d6000 'java/lang/invoke/LambdaForm$MH+0x00000209af0d6000'
Event: 362.703 Thread 0x00000209ad9afd40 Unloading class 0x00000209af0d5c00 'java/lang/invoke/LambdaForm$MH+0x00000209af0d5c00'
Event: 362.703 Thread 0x00000209ad9afd40 Unloading class 0x00000209af0d5800 'java/lang/invoke/LambdaForm$MH+0x00000209af0d5800'
Event: 362.703 Thread 0x00000209ad9afd40 Unloading class 0x00000209af0d5400 'java/lang/invoke/LambdaForm$MH+0x00000209af0d5400'
Event: 362.703 Thread 0x00000209ad9afd40 Unloading class 0x00000209af0d5000 'java/lang/invoke/LambdaForm$MH+0x00000209af0d5000'
Event: 362.703 Thread 0x00000209ad9afd40 Unloading class 0x00000209af0d4c00 'java/lang/invoke/LambdaForm$MH+0x00000209af0d4c00'
Event: 362.703 Thread 0x00000209ad9afd40 Unloading class 0x00000209af0d4400 'java/lang/invoke/LambdaForm$MH+0x00000209af0d4400'
Event: 362.703 Thread 0x00000209ad9afd40 Unloading class 0x00000209af0d4000 'java/lang/invoke/LambdaForm$MH+0x00000209af0d4000'
Event: 362.703 Thread 0x00000209ad9afd40 Unloading class 0x00000209af0c0800 'jdk/internal/reflect/GeneratedSerializationConstructorAccessor3'
Event: 362.703 Thread 0x00000209ad9afd40 Unloading class 0x00000209af0c0400 'jdk/internal/reflect/GeneratedSerializationConstructorAccessor2'
Event: 362.703 Thread 0x00000209ad9afd40 Unloading class 0x00000209af0c0000 'jdk/internal/reflect/GeneratedSerializationConstructorAccessor1'
Event: 362.703 Thread 0x00000209ad9afd40 Unloading class 0x00000209af008800 'java/lang/invoke/LambdaForm$DMH+0x00000209af008800'
Event: 362.703 Thread 0x00000209ad9afd40 Unloading class 0x00000209af008000 'java/lang/invoke/LambdaForm$DMH+0x00000209af008000'
Event: 362.703 Thread 0x00000209ad9afd40 Unloading class 0x00000209af007400 'jdk/internal/reflect/GeneratedConstructorAccessor1'

Classes redefined (0 events):
No events

Internal exceptions (20 events):
Event: 363.887 Thread 0x00000209f6752870 Exception <a 'java/io/IOException'{0x000000068f357f80}> (0x000000068f357f80) 
thrown [s\open\src\hotspot\share\prims\jni.cpp, line 516]
Event: 363.887 Thread 0x00000209f6752870 Exception <a 'java/io/IOException'{0x000000068f358538}> (0x000000068f358538) 
thrown [s\open\src\hotspot\share\prims\jni.cpp, line 516]
Event: 363.888 Thread 0x00000209f6752870 Exception <a 'java/io/IOException'{0x000000068f35aa70}> (0x000000068f35aa70) 
thrown [s\open\src\hotspot\share\prims\jni.cpp, line 516]
Event: 363.888 Thread 0x00000209f6752870 Exception <a 'java/io/IOException'{0x000000068f35b028}> (0x000000068f35b028) 
thrown [s\open\src\hotspot\share\prims\jni.cpp, line 516]
Event: 363.889 Thread 0x00000209f6752870 Exception <a 'java/io/IOException'{0x000000068f35f3f0}> (0x000000068f35f3f0) 
thrown [s\open\src\hotspot\share\prims\jni.cpp, line 516]
Event: 363.889 Thread 0x00000209f6752870 Exception <a 'java/io/IOException'{0x000000068f35f9a8}> (0x000000068f35f9a8) 
thrown [s\open\src\hotspot\share\prims\jni.cpp, line 516]
Event: 363.889 Thread 0x00000209f6752870 Exception <a 'java/io/IOException'{0x000000068f365e38}> (0x000000068f365e38) 
thrown [s\open\src\hotspot\share\prims\jni.cpp, line 516]
Event: 363.889 Thread 0x00000209f6752870 Exception <a 'java/io/IOException'{0x000000068f3663f0}> (0x000000068f3663f0) 
thrown [s\open\src\hotspot\share\prims\jni.cpp, line 516]
Event: 363.890 Thread 0x00000209f6752870 Exception <a 'java/io/IOException'{0x000000068f368c40}> (0x000000068f368c40) 
thrown [s\open\src\hotspot\share\prims\jni.cpp, line 516]
Event: 363.890 Thread 0x00000209f6752870 Exception <a 'java/io/IOException'{0x000000068f3691f8}> (0x000000068f3691f8) 
thrown [s\open\src\hotspot\share\prims\jni.cpp, line 516]
Event: 363.919 Thread 0x00000209f6752870 Exception <a 'java/io/FileNotFoundException'{0x000000068f39d4f0}> (0x000000068f39d4f0) 
thrown [s\open\src\hotspot\share\prims\jni.cpp, line 516]
Event: 363.990 Thread 0x00000209f6752870 Exception <a 'java/io/IOException'{0x000000068ed6a7e8}> (0x000000068ed6a7e8) 
thrown [s\open\src\hotspot\share\prims\jni.cpp, line 516]
Event: 363.990 Thread 0x00000209f6752870 Exception <a 'java/io/IOException'{0x000000068ed6b048}> (0x000000068ed6b048) 
thrown [s\open\src\hotspot\share\prims\jni.cpp, line 516]
Event: 363.990 Thread 0x00000209f6752870 Exception <a 'java/io/IOException'{0x000000068ed6ce70}> (0x000000068ed6ce70) 
thrown [s\open\src\hotspot\share\prims\jni.cpp, line 516]
Event: 363.990 Thread 0x00000209f6752870 Exception <a 'java/io/IOException'{0x000000068ed6d6d0}> (0x000000068ed6d6d0) 
thrown [s\open\src\hotspot\share\prims\jni.cpp, line 516]
Event: 364.091 Thread 0x00000209f6752870 Exception <a 'java/io/IOException'{0x000000068e0d2b20}> (0x000000068e0d2b20) 
thrown [s\open\src\hotspot\share\prims\jni.cpp, line 516]
Event: 364.091 Thread 0x00000209f6752870 Exception <a 'java/io/IOException'{0x000000068e0d30d8}> (0x000000068e0d30d8) 
thrown [s\open\src\hotspot\share\prims\jni.cpp, line 516]
Event: 364.091 Thread 0x00000209f6752870 Exception <a 'java/io/FileNotFoundException'{0x000000068e0d5888}> (0x000000068e0d5888) 
thrown [s\open\src\hotspot\share\prims\jni.cpp, line 516]
Event: 364.092 Thread 0x00000209f6752870 Exception <a 'java/io/IOException'{0x000000068e11cdf0}> (0x000000068e11cdf0) 
thrown [s\open\src\hotspot\share\prims\jni.cpp, line 516]
Event: 364.092 Thread 0x00000209f6752870 Exception <a 'java/io/IOException'{0x000000068e11d3a8}> (0x000000068e11d3a8) 
thrown [s\open\src\hotspot\share\prims\jni.cpp, line 516]

VM Operations (20 events):
Event: 257.192 Executing VM operation: Cleanup done
Event: 259.221 Executing VM operation: Cleanup
Event: 259.221 Executing VM operation: Cleanup done
Event: 269.312 Executing VM operation: Cleanup
Event: 269.312 Executing VM operation: Cleanup done
Event: 300.724 Executing VM operation: HandshakeAllThreads
Event: 300.724 Executing VM operation: HandshakeAllThreads done
Event: 309.870 Executing VM operation: G1CollectForAllocation
Event: 309.875 Executing VM operation: G1CollectForAllocation done
Event: 362.322 Executing VM operation: Cleanup
Event: 362.322 Executing VM operation: Cleanup done
Event: 362.685 Executing VM operation: G1CollectFull
Event: 362.732 Executing VM operation: G1CollectFull done
Event: 362.733 Executing VM operation: G1CollectFull
Event: 362.763 Executing VM operation: G1CollectFull done
Event: 363.543 Executing VM operation: HandshakeAllThreads
Event: 363.543 Executing VM operation: HandshakeAllThreads done
Event: 363.747 Executing VM operation: G1CollectForAllocation
Event: 363.752 Executing VM operation: G1CollectForAllocation done
Event: 364.093 Executing VM operation: G1CollectFull

Events (20 events):
Event: 362.685 Thread 0x00000209f3c628d0 Thread exited: 0x00000209f3c628d0
Event: 362.685 Thread 0x00000209f3c60a70 Thread exited: 0x00000209f3c60a70
Event: 362.685 Thread 0x00000209f3c60050 Thread exited: 0x00000209f3c60050
Event: 362.763 loading class java/lang/ref/Finalizer$2
Event: 362.763 loading class java/lang/ref/Finalizer$2 done
Event: 362.763 loading class java/lang/ref/Finalizer$1
Event: 362.763 loading class java/lang/ref/Finalizer$1 done
Event: 362.763 Thread 0x00000209f6751430 Thread added: 0x00000209f6751430
Event: 362.763 Thread 0x00000209f6751430 Thread exited: 0x00000209f6751430
Event: 362.764 Thread 0x00000209f6752870 Thread added: 0x00000209f6752870
Event: 362.839 Thread 0x00000209f5c41730 Thread added: 0x00000209f5c41730
Event: 362.839 Thread 0x00000209f6703870 Thread added: 0x00000209f6703870
Event: 362.840 Thread 0x00000209f5303020 Thread added: 0x00000209f5303020
Event: 362.898 Thread 0x00000209f6750500 Thread added: 0x00000209f6750500
Event: 362.921 Thread 0x00000209f6750500 Thread exited: 0x00000209f6750500
Event: 363.450 Thread 0x00000209f3c61490 Thread exited: 0x00000209f3c61490
Event: 363.671 Thread 0x00000209f6751e50 Thread exited: 0x00000209f6751e50
Event: 364.091 Thread 0x00000209f6750a10 Thread added: 0x00000209f6750a10
Event: 364.092 Thread 0x00000209f6751940 Thread added: 0x00000209f6751940
Event: 364.093 Thread 0x00000209f6750a10 Thread exited: 0x00000209f6750a10


Dynamic libraries:
0x00007ff647870000 - 0x00007ff647880000 	D:\application\ProgramingTools\Library\Jdk\SetUp\jdk-17.0.10\bin\javaw.exe
0x00007ffa019a0000 - 0x00007ffa01c00000 	C:\WINDOWS\SYSTEM32\ntdll.dll
0x00007ffa00670000 - 0x00007ffa00737000 	C:\WINDOWS\System32\KERNEL32.DLL
0x00007ff9fec30000 - 0x00007ff9feffa000 	C:\WINDOWS\System32\KERNELBASE.dll
0x00007ff9ff0c0000 - 0x00007ff9ff20b000 	C:\WINDOWS\System32\ucrtbase.dll
0x00007ff9f97a0000 - 0x00007ff9f97b9000 	D:\application\ProgramingTools\Library\Jdk\SetUp\jdk-17.0.10\bin\jli.dll
0x00007ff9f9780000 - 0x00007ff9f979b000 	D:\application\ProgramingTools\Library\Jdk\SetUp\jdk-17.0.10\bin\VCRUNTIME140.dll
0x00007ffa012b0000 - 0x00007ffa01362000 	C:\WINDOWS\System32\ADVAPI32.dll
0x00007ff9ff800000 - 0x00007ff9ff8a9000 	C:\WINDOWS\System32\msvcrt.dll
0x00007ffa00f90000 - 0x00007ffa01036000 	C:\WINDOWS\System32\sechost.dll
0x00007ffa00740000 - 0x00007ffa00856000 	C:\WINDOWS\System32\RPCRT4.dll
0x00007ffa004a0000 - 0x00007ffa0066c000 	C:\WINDOWS\System32\USER32.dll
0x00007ff9ff3f0000 - 0x00007ff9ff417000 	C:\WINDOWS\System32\win32u.dll
0x00007ff9e4030000 - 0x00007ff9e42c7000 	C:\WINDOWS\WinSxS\amd64_microsoft.windows.common-controls_6595b64144ccf1df_6.0.26100.3624_none_3e086962e3345f24\COMCTL32.dll
0x00007ff9ff970000 - 0x00007ff9ff99a000 	C:\WINDOWS\System32\GDI32.dll
0x00007ff9ff210000 - 0x00007ff9ff341000 	C:\WINDOWS\System32\gdi32full.dll
0x00007ff9feb80000 - 0x00007ff9fec23000 	C:\WINDOWS\System32\msvcp_win.dll
0x00007ff9ed7a0000 - 0x00007ff9ed7ab000 	C:\WINDOWS\SYSTEM32\VERSION.dll
0x00007ffa01900000 - 0x00007ffa0192f000 	C:\WINDOWS\System32\IMM32.DLL
0x00007ff9f97e0000 - 0x00007ff9f97ec000 	D:\application\ProgramingTools\Library\Jdk\SetUp\jdk-17.0.10\bin\vcruntime140_1.dll
0x00007ff9f32c0000 - 0x00007ff9f334e000 	D:\application\ProgramingTools\Library\Jdk\SetUp\jdk-17.0.10\bin\msvcp140.dll
0x00007ff98b0a0000 - 0x00007ff98bc7f000 	D:\application\ProgramingTools\Library\Jdk\SetUp\jdk-17.0.10\bin\server\jvm.dll
0x00007ff9ffdc0000 - 0x00007ff9ffdc8000 	C:\WINDOWS\System32\PSAPI.DLL
0x00007ff9d41c0000 - 0x00007ff9d41ca000 	C:\WINDOWS\SYSTEM32\WSOCK32.dll
0x00007ffa01230000 - 0x00007ffa012a4000 	C:\WINDOWS\System32\WS2_32.dll
0x00007ff9f46e0000 - 0x00007ff9f4716000 	C:\WINDOWS\SYSTEM32\WINMM.dll
0x00007ff9fdab0000 - 0x00007ff9fdaca000 	C:\WINDOWS\SYSTEM32\kernel.appcore.dll
0x00007ff9f96d0000 - 0x00007ff9f96da000 	D:\application\ProgramingTools\Library\Jdk\SetUp\jdk-17.0.10\bin\jimage.dll
0x00007ff9fc260000 - 0x00007ff9fc4a1000 	C:\WINDOWS\SYSTEM32\DBGHELP.DLL
0x00007ff9ffdd0000 - 0x00007ffa00152000 	C:\WINDOWS\System32\combase.dll
0x00007ffa01150000 - 0x00007ffa01226000 	C:\WINDOWS\System32\OLEAUT32.dll
0x00007ff966d40000 - 0x00007ff966d79000 	C:\WINDOWS\SYSTEM32\dbgcore.DLL
0x00007ff9ff350000 - 0x00007ff9ff3e9000 	C:\WINDOWS\System32\bcryptPrimitives.dll
0x00007ff9f6510000 - 0x00007ff9f6535000 	D:\application\ProgramingTools\Library\Jdk\SetUp\jdk-17.0.10\bin\java.dll
0x00007ff9e2520000 - 0x00007ff9e25f7000 	D:\application\ProgramingTools\Library\Jdk\SetUp\jdk-17.0.10\bin\jsvml.dll
0x00007ffa00860000 - 0x00007ffa00f89000 	C:\WINDOWS\System32\SHELL32.dll
0x00007ff9ff420000 - 0x00007ff9ff588000 	C:\WINDOWS\System32\wintypes.dll
0x00007ff9fc840000 - 0x00007ff9fd092000 	C:\WINDOWS\SYSTEM32\windows.storage.dll
0x00007ffa00300000 - 0x00007ffa003ed000 	C:\WINDOWS\System32\SHCORE.dll
0x00007ff9ff9a0000 - 0x00007ff9ffa04000 	C:\WINDOWS\System32\shlwapi.dll
0x00007ff9fea90000 - 0x00007ff9feabf000 	C:\WINDOWS\SYSTEM32\profapi.dll
0x00007ff9f96b0000 - 0x00007ff9f96c9000 	D:\application\ProgramingTools\Library\Jdk\SetUp\jdk-17.0.10\bin\net.dll
0x00007ff9f7f20000 - 0x00007ff9f803d000 	C:\WINDOWS\SYSTEM32\WINHTTP.dll
0x00007ff9fdfd0000 - 0x00007ff9fe03a000 	C:\WINDOWS\system32\mswsock.dll
0x00007ff9f64f0000 - 0x00007ff9f6506000 	D:\application\ProgramingTools\Library\Jdk\SetUp\jdk-17.0.10\bin\nio.dll
0x00007ff9f32a0000 - 0x00007ff9f32b8000 	D:\application\ProgramingTools\Library\Jdk\SetUp\jdk-17.0.10\bin\zip.dll
0x00007ff9f7a50000 - 0x00007ff9f7a5a000 	D:\application\ProgramingTools\Library\Jdk\SetUp\jdk-17.0.10\bin\management.dll
0x00007ff9f64e0000 - 0x00007ff9f64eb000 	D:\application\ProgramingTools\Library\Jdk\SetUp\jdk-17.0.10\bin\management_ext.dll
0x00007ff9c70f0000 - 0x00007ff9c7108000 	C:\WINDOWS\system32\napinsp.dll
0x00007ff9fd4c0000 - 0x00007ff9fd5e5000 	C:\WINDOWS\SYSTEM32\DNSAPI.dll
0x00007ff9fd480000 - 0x00007ff9fd4b3000 	C:\WINDOWS\SYSTEM32\IPHLPAPI.DLL
0x00007ff9ff960000 - 0x00007ff9ff96a000 	C:\WINDOWS\System32\NSI.dll
0x00007ff9c6cd0000 - 0x00007ff9c6ce2000 	C:\WINDOWS\System32\winrnr.dll
0x00007ff9c6c30000 - 0x00007ff9c6c60000 	C:\WINDOWS\system32\nlansp_c.dll
0x00007ff9f4500000 - 0x00007ff9f4516000 	C:\WINDOWS\system32\wshbth.dll
0x00007ff9f7e00000 - 0x00007ff9f7e0b000 	C:\Windows\System32\rasadhlp.dll
0x00007ff9f8430000 - 0x00007ff9f84b5000 	C:\WINDOWS\System32\fwpuclnt.dll
0x00007ff9fe270000 - 0x00007ff9fe28c000 	C:\WINDOWS\SYSTEM32\CRYPTSP.dll
0x00007ff9fda10000 - 0x00007ff9fda4a000 	C:\WINDOWS\system32\rsaenh.dll
0x00007ff9fe070000 - 0x00007ff9fe09b000 	C:\WINDOWS\SYSTEM32\USERENV.dll
0x00007ff9fea60000 - 0x00007ff9fea86000 	C:\WINDOWS\SYSTEM32\bcrypt.dll
0x00007ff9fe290000 - 0x00007ff9fe29c000 	C:\WINDOWS\SYSTEM32\CRYPTBASE.dll
0x00007ff9f8250000 - 0x00007ff9f826f000 	C:\WINDOWS\SYSTEM32\dhcpcsvc6.DLL
0x00007ff9f81b0000 - 0x00007ff9f81d5000 	C:\WINDOWS\SYSTEM32\dhcpcsvc.DLL
0x00007ff9f3280000 - 0x00007ff9f328e000 	D:\application\ProgramingTools\Library\Jdk\SetUp\jdk-17.0.10\bin\sunmscapi.dll
0x00007ff9ff620000 - 0x00007ff9ff797000 	C:\WINDOWS\System32\CRYPT32.dll
0x00007ff9fe470000 - 0x00007ff9fe4a0000 	C:\WINDOWS\SYSTEM32\ncrypt.dll
0x00007ff9fe420000 - 0x00007ff9fe45f000 	C:\WINDOWS\SYSTEM32\NTASN1.dll
0x0000000180000000 - 0x0000000180374000 	C:\ProgramingTool\LapTrinh\Java\Server\TomcatServer\SetUp\apache-tomcat-9.0.86\bin\tcnative-1.dll
0x00007ff9f3240000 - 0x00007ff9f3250000 	D:\application\ProgramingTools\Library\Jdk\SetUp\jdk-17.0.10\bin\verify.dll
0x00007ff9ddb80000 - 0x00007ff9ddb88000 	C:\WINDOWS\system32\wshunix.dll

dbghelp: loaded successfully - version: 4.0.5 - missing functions: none
symbol engine: initialized successfully - sym options: 0x614 - pdb path: .;D:\application\ProgramingTools\Library\Jdk\SetUp\jdk-17.0.10\bin;C:\WINDOWS\SYSTEM32;C:\WINDOWS\WinSxS\amd64_microsoft.windows.common-controls_6595b64144ccf1df_6.0.26100.3624_none_3e086962e3345f24;D:\application\ProgramingTools\Library\Jdk\SetUp\jdk-17.0.10\bin\server;C:\ProgramingTool\LapTrinh\Java\Server\TomcatServer\SetUp\apache-tomcat-9.0.86\bin

VM Arguments:
jvm_args: -Dcom.sun.management.jmxremote -Dcom.sun.management.jmxremote.port=57761 -Dcom.sun.management.jmxremote.authenticate=false -Dcom.sun.management.jmxremote.ssl=false -Djava.rmi.server.hostname=localhost -Dspring.jmx.enabled=true -Dmanagement.endpoints.jmx.exposure.include=* -Dspring.application.admin.enabled=true -XX:TieredStopAtLevel=1 -Dspring.boot.project.name=Back-End -Dfile.encoding=UTF-8 -Dstdout.encoding=UTF-8 -Dstderr.encoding=UTF-8 -XX:+ShowCodeDetailsInExceptionMessages 
java_command: com.studentApp.StudentApplication --spring.output.ansi.enabled=always
java_class_path (initial): D:\workspace\DoAn\Java\TruongHoc\target\classes;C:\Users\phamm\.m2\repository\org\springframework\boot\spring-boot-starter-actuator\3.4.4\spring-boot-starter-actuator-3.4.4.jar;C:\Users\phamm\.m2\repository\org\springframework\boot\spring-boot-starter\3.4.4\spring-boot-starter-3.4.4.jar;C:\Users\phamm\.m2\repository\org\springframework\boot\spring-boot-starter-logging\3.4.4\spring-boot-starter-logging-3.4.4.jar;C:\Users\phamm\.m2\repository\ch\qos\logback\logback-classic\1.5.18\logback-classic-1.5.18.jar;C:\Users\phamm\.m2\repository\ch\qos\logback\logback-core\1.5.18\logback-core-1.5.18.jar;C:\Users\phamm\.m2\repository\org\apache\logging\log4j\log4j-to-slf4j\2.24.3\log4j-to-slf4j-2.24.3.jar;C:\Users\phamm\.m2\repository\org\apache\logging\log4j\log4j-api\2.24.3\log4j-api-2.24.3.jar;C:\Users\phamm\.m2\repository\org\slf4j\jul-to-slf4j\2.0.17\jul-to-slf4j-2.0.17.jar;C:\Users\phamm\.m2\repository\jakarta\annotation\jakarta.annotation-api\2.1.1\jakarta.annotation-api-2.1.1.jar;C:\Users\phamm\.m2\repository\org\yaml\snakeyaml\2.3\snakeyaml-2.3.jar;C:\Users\phamm\.m2\repository\org\springframework\boot\spring-boot-actuator-autoconfigure\3.4.4\spring-boot-actuator-autoconfigure-3.4.4.jar;C:\Users\phamm\.m2\repository\org\springframework\boot\spring-boot-actuator\3.4.4\spring-boot-actuator-3.4.4.jar;C:\Users\phamm\.m2\repository\com\fasterxml\jackson\core\jackson-databind\2.18.3\jackson-databind-2.18.3.jar;C:\Users\phamm\.m2\repository\io\micrometer\micrometer-observation\1.14.5\micrometer-observation-1.14.5.jar;C:\Users\phamm\.m2\repository\io\micrometer\micrometer-commons\1.14.5\micrometer-commons-1.14.5.jar;C:\Users\phamm\.m2\repository\io\micrometer\micrometer-jakarta9\1.14.5\micrometer-jakarta9-1.14.5.jar;C:\Users\phamm\.m2\repository\io\micrometer\micrometer-core\1.14.5\micrometer-core-1.14.5.jar;C:\Users\phamm\.m2\repository\org\hdrhistogram\HdrHistogram\2.2.2\HdrHistogram-2.2.2.jar;C:\Users\phamm\.m2\repository\org\latencyutils\Latency
Launcher Type: SUN_STANDARD

[Global flags]
     intx CICompilerCount                          = 12                                        {product} {ergonomic}
     uint ConcGCThreads                            = 4                                         {product} {ergonomic}
     uint G1ConcRefinementThreads                  = 15                                        {product} {ergonomic}
   size_t G1HeapRegionSize                         = 4194304                                   {product} {ergonomic}
    uintx GCDrainStackTargetSize                   = 64                                        {product} {ergonomic}
   size_t InitialHeapSize                          = 398458880                                 {product} {ergonomic}
     bool ManagementServer                         = true                                      {product} {command line}
   size_t MarkStackSize                            = 4194304                                   {product} {ergonomic}
   size_t MaxHeapSize                              = 6345981952                                {product} {ergonomic}
   size_t MaxNewSize                               = 3804233728                                {product} {ergonomic}
   size_t MinHeapDeltaBytes                        = 4194304                                   {product} {ergonomic}
   size_t MinHeapSize                              = 8388608                                   {product} {ergonomic}
    uintx NonProfiledCodeHeapSize                  = 0                                      {pd product} {ergonomic}
     bool ProfileInterpreter                       = false                                  {pd product} {command line}
    uintx ProfiledCodeHeapSize                     = 0                                      {pd product} {ergonomic}
     bool ShowCodeDetailsInExceptionMessages       = true                                   {manageable} {command line}
   size_t SoftMaxHeapSize                          = 6345981952                             {manageable} {ergonomic}
     intx TieredStopAtLevel                        = 1                                         {product} {command line}
     bool UseCompressedClassPointers               = true                           {product lp64_product} {ergonomic}
     bool UseCompressedOops                        = true                           {product lp64_product} {ergonomic}
     bool UseG1GC                                  = true                                      {product} {ergonomic}
     bool UseLargePagesIndividualAllocation        = false                                  {pd product} {ergonomic}

Logging:
Log output configuration:
 #0: stdout all=warning uptime,level,tags
 #1: stderr all=off uptime,level,tags

Environment Variables:
JAVA_HOME=D:\application\ProgramingTools\Library\Jdk\SetUp\jdk-17.0.10
PATH=D:/application/ProgramingTools/Tools/SpringBoot/sts-4.22.0.RELEASE//plugins/org.eclipse.justj.openjdk.hotspot.jre.full.win32.x86_64_23.0.1.v20241024-1700/jre/bin/server;D:/application/ProgramingTools/Tools/SpringBoot/sts-4.22.0.RELEASE//plugins/org.eclipse.justj.openjdk.hotspot.jre.full.win32.x86_64_23.0.1.v20241024-1700/jre/bin;D:\application\ProgramingTools\Database\SqlOracle\SetUp\bin;C:\Program Files\Common Files\Oracle\Java\javapath;C:\Program Files (x86)\Common Files\Oracle\Java\java8path;C:\Program Files (x86)\Common Files\Oracle\Java\javapath;C:\Windows\system32;C:\Windows;C:\Windows\System32\Wbem;C:\Windows\System32\WindowsPowerShell\v1.0\;C:\Windows\System32\OpenSSH\;C:\Program Files (x86)\NVIDIA Corporation\PhysX\Common;C:\Program Files\NVIDIA Corporation\NVIDIA NvDLISR;C:\WINDOWS\system32;C:\WINDOWS;C:\WINDOWS\System32\Wbem;C:\WINDOWS\System32\WindowsPowerShell\v1.0\;C:\WINDOWS\System32\OpenSSH\;C:\Program Files\dotnet\;D:\application\ProgramingTools\Library\Jdk\SetUp\jdk-17.0.10\bin;C:\ProgramingTool\LapTrinh\Java\Server\TomcatServer\SetUp\apache-tomcat-9.0.86\bin;C:\Program Files\Git\cmd;C:\ProgramData\chocolatey\bin;C:\Program Files (x86)\Microsoft SQL Server\160\Tools\Binn\;C:\Program Files\Microsoft SQL Server\160\Tools\Binn\;C:\Program Files\Microsoft SQL Server\Client SDK\ODBC\170\Tools\Binn\;C:\Program Files\Microsoft SQL Server\160\DTS\Binn\;C:\Program Files (x86)\Microsoft SQL Server\160\DTS\Binn\;C:\Program Files\Docker\Docker\resources\bin;C:\tools\winfetch;D:\application\ProgramingTools\Tools\Redis\Redis-x64-3.0.504;D:\application\ProgramingTools\Library\apache-maven\apache-maven-3.9.9-bin\apache-maven-3.9.9\bin;D:\application\ProgramingTools\Tools\Heroku\setUp\heroku\bin;D:\application\ProgramingTools\Database\Postgresql\bin;D:\application\ProgramingTools\Tools\New folder\nvm;C:\nvm4w\nodejs;D:\application\ProgramingTools\Tools\New folder\nvm;D:\application\ProgramingTools\Tools\NodeJs\;C:\Users\phamm\AppData\Local\Microsoft\WindowsApps;C
USERNAME=phamm
OS=Windows_NT
PROCESSOR_IDENTIFIER=Intel64 Family 6 Model 154 Stepping 3, GenuineIntel



---------------  S Y S T E M  ---------------

OS:
 Windows 11 , 64 bit Build 26100 (10.0.26100.3775)
OS uptime: 6 days 22:24 hours
Hyper-V role detected

CPU: total 20 (initial active 20) (10 cores per cpu, 2 threads per core) family 6 model 154 stepping 3 microcode 0x429, cx8, cmov, fxsr, ht, mmx, 3dnowpref, sse, sse2, sse3, ssse3, sse4.1, sse4.2, popcnt, lzcnt, tsc, tscinvbit, avx, avx2, aes, erms, clmul, bmi1, bmi2, adx, sha, fma, vzeroupper, clflush, clflushopt, clwb, hv

Memory: 4k page, system-wide physical 24195M (6946M free)
TotalPageFile size 64007M (AvailPageFile size 2M)
current process WorkingSet (physical memory assigned to process): 387M, peak: 396M
current process commit charge ("private bytes"): 442M, peak: 529M

vm_info: Java HotSpot(TM) 64-Bit Server VM (17.0.10+11-LTS-240) for windows-amd64 JRE (17.0.10+11-LTS-240), built on Dec 19 2023 21:47:25 by "mach5one" with MS VC++ 17.1 (VS2022)

END.
